0	1	mikroCPIC32.exe -MSF -DBG -pP32MX460F512L -DL -SSA -EBASE 0x9FC01000 -INTDEF MV_SRS7_IS32 -O11111114 -fo80 -N"C:\Users\dsi\Desktop\Mini-Sub Game\Development Files\minisub_Code\mikroC PRO for PIC32\minisub.mcp32" -SP"C:\Users\Public\Documents\Mikroelektronika\mikroC PRO for PIC32\Defs\" -SP"C:\Users\Public\Documents\Mikroelektronika\mikroC PRO for PIC32\uses\" -SP"C:\Users\dsi\Desktop\Mini-Sub Game\Development Files\minisub_Code\mikroC PRO for PIC32\" -SP"C:\Users\Public\Documents\Mikroelektronika\mikroC PRO for PIC32\Packages\mikromedia Workstation PIC32\Uses\" -IP"C:\Users\dsi\Desktop\Mini-Sub Game\Development Files\minisub_Code\mikroC PRO for PIC32\" "minisub_main.c" "minisub_events_code.c" "minisub_driver.c" "minisub_resources.c" "mp3_player.c" "__Lib_CP0.emcl" "__Lib_Math.emcl" "__Lib_MathDouble.emcl" "__Lib_System.emcl" "__Lib_SoftResetDma.emcl" "__Lib_Delays.emcl" "__Lib_CType.emcl" "__Lib_CString.emcl" "__Lib_CStdlib.emcl" "__Lib_CMath.emcl" "__Lib_Conversions.emcl" "__Lib_ADC.emcl" "__Lib_I2C_12.emcl" "__Lib_SPI_12.emcl" "__Lib_UART_12.emcl" "__Lib_Mmc.emcl" "__Lib_MmcFat16.emcl" "__Lib_MmcFat16Constants.emcl" "__Lib_TFT.emcl" "__Lib_TouchPanel_TFT.emcl" "__Lib_mikroMedia_Workstation_PIC32.emcl"	 
diagnostics: 0	126	All files Preprocessed in 843 ms	 
diagnostics: 0	122	Compilation Started	minisub_objects.h
diagnostics: 2203	123	Compiled Successfully	minisub_main.c
hint: 1107	1164	Variable 'mine_type' has been eliminated by optimizer	minisub_main.c
hint: 1170	1164	Variable 'redraw_border' has been eliminated by optimizer	minisub_main.c
diagnostics: 0	122	Compilation Started	minisub_objects.h
diagnostics: 113	123	Compiled Successfully	minisub_events_code.c
hint: 89	1164	Variable 'temp' has been eliminated by optimizer	minisub_events_code.c
diagnostics: 0	122	Compilation Started	minisub_objects.h
diagnostics: 921	123	Compiled Successfully	minisub_driver.c
diagnostics: 0	122	Compilation Started	minisub_resources.c
diagnostics: 11938	123	Compiled Successfully	minisub_resources.c
diagnostics: 0	122	Compilation Started	mp3_player.c
diagnostics: 426	123	Compiled Successfully	mp3_player.c
hint: 197	1164	Variable 'volume' has been eliminated by optimizer	mp3_player.c
diagnostics: 0	127	All files Compiled in 3338 ms	 
hint: 0	1144	Used RX: 26 (81%)   Free RX: 6 (19%)	Used RX: 26 (81%)   Free RX: 6 (19%)
hint: 0	1144	Static RAM (bytes): 3890   Dynamic RAM (bytes): 28875	Static RAM (bytes): 3890   Dynamic RAM (bytes): 28875
hint: 0	1144	Used ROM (bytes): 180390 (34%)  Free ROM (bytes): 343898 (66%)	Used ROM (bytes): 180390 (34%)  Free ROM (bytes): 343898 (66%)
diagnostics: 0	125	Project Linked Successfully	minisub.mcp32
diagnostics: 0	128	Linked in 1061 ms	 
diagnostics: 0	129	Project 'minisub.mcp32' completed: 5554 ms	 
diagnostics: 0	103	Finished successfully: 01 Oct 2012, 16:42:49	minisub.mcp32
